<?xml version="1.0" encoding="UTF-8"?>
<!-- Generated by org.testng.reporters.JUnitReportReporter -->
<testsuite hostname="DESKTOP-GTNQM1Q" failures="0" tests="2" name="takeScreenshortExample.AmazoneSearchTest" time="8.431" errors="0" timestamp="2022-04-22T13:49:09 IST" skipped="0">
  <testcase classname="takeScreenshortExample.AmazoneSearchTest" name="searchItems" time="8.398"/>
  <testcase classname="takeScreenshortExample.AmazoneSearchTest" name="verifyAppTitle" time="0.033"/>
</testsuite> <!-- takeScreenshortExample.AmazoneSearchTest -->
