<?xml version="1.0" encoding="UTF-8"?>
<!-- Generated by org.testng.reporters.JUnitReportReporter -->
<testsuite hostname="DESKTOP-GTNQM1Q" failures="0" tests="3" name="actionExample.CredentialCheckExample" time="17.538" errors="0" timestamp="2022-04-25T10:05:13 IST" skipped="0">
  <testcase classname="actionExample.CredentialCheckExample" name="checkCreadentialFirst" time="6.573"/>
  <testcase classname="actionExample.CredentialCheckExample" name="checkCreadentialSecond" time="6.599"/>
  <testcase classname="actionExample.CredentialCheckExample" name="checkCreadentialThird" time="4.366"/>
</testsuite> <!-- actionExample.CredentialCheckExample -->
