<?xml version="1.0" encoding="UTF-8"?>
<!-- Generated by org.testng.reporters.JUnitReportReporter -->
<testsuite hostname="DESKTOP-GTNQM1Q" failures="0" tests="1" name="actionExample.RightClickDoubleClickExample" time="1.003" errors="0" timestamp="2022-04-25T20:30:02 IST" skipped="0">
  <testcase classname="actionExample.RightClickDoubleClickExample" name="rightClickTest" time="1.003"/>
</testsuite> <!-- actionExample.RightClickDoubleClickExample -->
