<?xml version="1.0" encoding="UTF-8"?>
<!-- Generated by org.testng.reporters.JUnitReportReporter -->
<testsuite hostname="DESKTOP-GTNQM1Q" failures="0" tests="1" name="actionExample.DragDropTest" time="8.732" errors="0" timestamp="2022-04-26T13:41:54 IST" skipped="0">
  <testcase classname="actionExample.DragDropTest" name="promptAlert" time="8.732"/>
</testsuite> <!-- actionExample.DragDropTest -->
