<?xml version="1.0" encoding="UTF-8"?>
<!-- Generated by org.testng.reporters.JUnitReportReporter -->
<testsuite hostname="DESKTOP-GTNQM1Q" failures="0" tests="1" name="actionExample.DragDropTest" time="7.128" errors="0" timestamp="2022-04-25T10:56:09 IST" skipped="0">
  <testcase classname="actionExample.DragDropTest" name="promptAlert" time="7.128"/>
</testsuite> <!-- actionExample.DragDropTest -->
