<?xml version="1.0" encoding="UTF-8"?>
<!-- Generated by org.testng.reporters.JUnitReportReporter -->
<testsuite hostname="DESKTOP-GTNQM1Q" failures="0" tests="2" name="alertExample.AlertTest" time="8.535" errors="0" timestamp="2022-04-23T16:55:14 IST" skipped="0">
  <testcase classname="alertExample.AlertTest" name="simpleAlert" time="4.182"/>
  <testcase classname="alertExample.AlertTest" name="confirmAlert" time="4.353"/>
</testsuite> <!-- alertExample.AlertTest -->
