<?xml version="1.0" encoding="UTF-8"?>
<!-- Generated by org.testng.reporters.JUnitReportReporter -->
<testsuite hostname="DESKTOP-GTNQM1Q" failures="0" tests="1" name="Assignment1.AdminAssign1" time="22.426" errors="0" timestamp="2022-04-22T15:29:09 IST" skipped="0">
  <testcase classname="Assignment1.AdminAssign1" name="searchItem" time="22.426"/>
</testsuite> <!-- Assignment1.AdminAssign1 -->
