<?xml version="1.0" encoding="UTF-8"?>
<!-- Generated by org.testng.reporters.JUnitReportReporter -->
<testsuite hostname="DESKTOP-GTNQM1Q" failures="0" tests="1" name="javaScriptExample.PayTM_FrameTest" time="6.368" errors="0" timestamp="2022-04-23T18:36:46 IST" skipped="0">
  <testcase classname="javaScriptExample.PayTM_FrameTest" name="promptAlert" time="6.368"/>
</testsuite> <!-- javaScriptExample.PayTM_FrameTest -->
