<?xml version="1.0" encoding="UTF-8"?>
<!-- Generated by org.testng.reporters.JUnitReportReporter -->
<testsuite hostname="DESKTOP-GTNQM1Q" failures="0" tests="1" name="actionExample.DragDropTest" time="6.928" errors="0" timestamp="2022-04-26T13:46:57 IST" skipped="0">
  <testcase classname="actionExample.DragDropTest" name="promptAlert" time="6.928"/>
</testsuite> <!-- actionExample.DragDropTest -->
